#################################################################
# If you used AutoSite in your work, please cite:               #
#                                                               #
# Pradeep Anand Ravindranath and Michel F. Sanner               #
#                                                               #
# AutoSite: an automated approach for pseudoligands             #
# prediction - From ligand binding sites identification to      #
# predicting key ligand atoms                                   #
#                                                               #
# Bioinformatics (2016)                                         #
#                                                               #
# DOI: 10.1093/bioinformatics/btw367                            #
#                                                               #
# Please see http://adfr.scripps.edu/AutoDockFR/autosite.html   #
# for more information                                          #
#################################################################

AutoSite v1.0.0 started on lri-ts-02 a Linux-3.10.0-1160.62.1.el7.x86_64-x86_64-with-centos-7.9.2009-Core computer
Date Fri Sep 27 15:09:25 2024
computing maps ....
clustering high affinity points ... 
analysing 1 clusters ... 
saving 1 clusters and associated feature points in folder receptor

clust.| Energy| # of |Rad. of | energy |   bns    |score   |Feature Points
number|       |points|gyration|per vol.|buriedness|v*b^1.5 | D | A | Other
------+-------+------+--------+--------+----------+--------+---+---+------
    1  -131.03   222    4.93    -0.59     0.951     40.65    9   7    9
AutoSite identified and characterized 1 clusters in 0.61 seconds, i.e. 0 hours 00 minutes 00.611315 seconds 
