
       _______________________________________________________

__________//____________________________/////_________________/________
_________/__/____________/_____________/______________/_______/________
________/____/___________/_____________/______________________/________
________/____/__/_____/_/////___/////__/__////_/_///__/__////_/________
_______/______/_/_____/__/_____/_____/_/_____/_//___/_/_/____//________
_______////////_/_____/__/_____/_____/_/_____/_/______/_/_____/________
_______/______/_/____//__/___/_/_____/_/_____/_/______/_/____//________
_______/______/__////_/___///___/////___/////__/______/__////_/________

       _______________________________________________________

                                ______
                               /      \
                              /        \
                             /          \
                             \    /\    /
                              \  /  \  /
                               \/ /\ \/
                                 /  \
                                /____\


                ______________________________________ 
               |                                      |
               |            AutoGrid 4.2.7.x.2019-07-11         |
               |                                      |
               |        Garrett M. Morris, TSRI       |
               |            Ruth Huey, TSRI           |
               |        David S. Goodsell, TSRI       |
               |         Arthur J. Olson, TSRI        |
               |     (MODIFIED VERSION DUAL HB)       |
               |                                      |
               |        (C) 1989-2009, TSRI           |
               |   The Scripps Research Institute     |
               |______________________________________|

                ______________________________________ 
               |                                      |
               | Calculation of van der Waals, H-Bond,|
               |   Electrostatic Potential Energy, &  |
               |   Desolvation Free Energy Grid Maps  |
               |             for AutoDock             |
               | For help, email autodock@scripps.edu |
               |______________________________________|




                           $Revision: 1.145 $
Compilation parameters:  NUM_RECEPTOR_TYPES=20 NEINT=2048
  AG_MAX_ATOMS=100000  MAX_MAPS=128 NDIEL=16384 MAX_ATOM_TYPES=126
        e_vdW_Hb table has 32514048 entries of size 8
Maximum number of maps that can be computed = 128 (defined by MAX_MAPS in "autocomm.h").
  Non-bond cutoff for internal energy calculation (NBC): 8.00
  Optimize internal energy scoring (USE_8A_NBCUTOFF):  yes
  Faster search for nearby atoms (USE_BHTREE):  yes
  Run calculations in parallel if possible (_OPENMP):  yes
This file was created at:			3:35 21" p.m., 09/27/2024
                   using:			"lri-ts-02"


GPF> outlev 1

Output level: 1

GPF> npts 6 6 6

Number of grid points in x-direction:	7
Number of grid points in y-direction:	7
Number of grid points in z-direction:	7

GPF> gridfld 1y6r_protein.fld # avs field file

Creating (AVS-readable) grid maps file : 1y6r_protein.fld

Creating (AVS-readable) grid-coordinates extrema file : 1y6r_protein.xyz

GPF> spacing 2.00000
Grid Spacing :			2.000 Angstrom

GPF> receptor_types A C HD N OA SA
GPF> ligand_types A C Cl HD N NA OA P S SA
Allocated space for 13 gridmap objects
7 CPU threads will be used for calculation

Atom type names for ligand atom types 1-10 used for ligand-atom affinity grid maps:

			Atom type number 0 corresponds to atom type name "A".
			Atom type number 1 corresponds to atom type name "C".
			Atom type number 2 corresponds to atom type name "Cl".
			Atom type number 3 corresponds to atom type name "HD".
			Atom type number 4 corresponds to atom type name "N".
			Atom type number 5 corresponds to atom type name "NA".
			Atom type number 6 corresponds to atom type name "OA".
			Atom type number 7 corresponds to atom type name "P".
			Atom type number 8 corresponds to atom type name "S".
			Atom type number 9 corresponds to atom type name "SA".


GPF> receptor receptor.pdbqt

Receptor Input File :	receptor.pdbqt

Receptor Atom Type Assignments:


Maximum partial atomic charge found = +0.665 e
Minimum partial atomic charge found = -0.775 e

Atom	Atom	Number of this Type
Type	 ID 	 in Receptor
____	____	___________________
 0	 A		   192
 1	 C		  1978
 2	 HD		   741
 3	 N		   586
 4	 OA		   661
 5	 SA		    18

Total number of atoms :		4176 atoms 
Total charge :			-21.86 e


Receptor coordinates fit within the following volume:

                   _______(91.1, 99.8, 69.7)
                  /|     /|
                 / |    / |
                /______/  |
                |  |___|__| Midpoint = (59.6, 80.7, 33.8)
                |  /   |  /
                | /    | /
                |/_____|/
(28.2, 61.7, -2.0)      

Maximum coordinates :		(91.058, 99.802, 69.654)
Minimum coordinates :		(28.217, 61.669, -2.018)


GPF> gridcenter 56.217 73.499 20.476

Grid maps will be centered on user-defined coordinates:

		(56.217, 73.499, 20.476)

Grid maps will cover the following volume:

                   _______(62.2, 79.5, 26.5)
                  /|     /|
                 / |    / |
                /______/  |
                |  |___|__| Midpoint = (56.2, 73.5, 20.5)
                |  /   |  /
                | /    | /
                |/_____|/
(50.2, 67.5, 14.5)      

Grid map x-dimension :		12.0 Angstroms
Grid map y-dimension :		12.0 Angstroms
Grid map z-dimension :		12.0 Angstroms

Maximum coordinates :		(62.217, 79.499, 26.476)
Minimum coordinates :		(50.217, 67.499, 14.476)

GPF> smooth 0.500000

Potentials will be smoothed by: 0.500 Angstrom

GPF> map Receptor.A.map

Output Grid Map 1:   Receptor.A.map

GPF> map Receptor.C.map

Output Grid Map 2:   Receptor.C.map

GPF> map Receptor.Cl.map

Output Grid Map 3:   Receptor.Cl.map

GPF> map Receptor.HD.map

Output Grid Map 4:   Receptor.HD.map

GPF> map Receptor.N.map

Output Grid Map 5:   Receptor.N.map

GPF> map Receptor.NA.map

Output Grid Map 6:   Receptor.NA.map

GPF> map Receptor.OA.map

Output Grid Map 7:   Receptor.OA.map

GPF> map Receptor.P.map

Output Grid Map 8:   Receptor.P.map

GPF> map Receptor.S.map

Output Grid Map 9:   Receptor.S.map

GPF> map Receptor.SA.map

Output Grid Map 10:   Receptor.SA.map


autogrid4: INFORMATION:  The electrostatic map file is not defined in the GPF.



autogrid4: INFORMATION:  No electrostatic map file requested.



autogrid4: INFORMATION:  The desolvation map file is not defined in the GPF.



autogrid4: INFORMATION:  No desolvation map file requested.



>>> Closing the grid parameter file (GPF)... <<<

________________________________________________________________________________



Calculating Pairwise Interaction Energies
Beginning grid calculations.

Calculating 10 grids over 343 elements, around 4176 receptor atoms.

                    Percent   Estimated Time  Time/this plane
XY-plane  Z-coord   Done      Remaining       Real, User, System
            /Ang              /sec            /sec
________  ________  ________  ______________  __________________________

     -3     14.476    14.3%            0.00s  Real= 0.00,  CPU= 0.01,  System= 0.00
     -2     16.476    28.6%            0.00s  Real= 0.00,  CPU= 0.03,  System= 0.00
     -1     18.476    42.9%            0.00s  Real= 0.00,  CPU= 0.02,  System= 0.00
      0     20.476    57.1%            0.03s  Real= 0.01,  CPU= 0.01,  System= 0.00
      1     22.476    71.4%            0.02s  Real= 0.01,  CPU= 0.02,  System= 0.00
      2     24.476    85.7%            0.00s  Real= 0.00,  CPU= 0.02,  System= 0.00
      3     26.476   100.0%            0.00s  Real= 0.00,  CPU= 0.02,  System= 0.00

Grid	Atom	Minimum   	Maximum
Map 	Type	Energy    	Energy 
		(kcal/mol)	(kcal/mol)
____	____	_____________	_____________
 1	 A	   -0.68	 2.00e+05
 2	 C	   -0.78	 2.00e+05
 3	 Cl	   -1.01	 2.00e+05
 4	 HD	   -0.63	 1.00e+05
 5	 N	   -0.77	 1.79e+05
 6	 NA	   -0.81	 1.79e+05
 7	 OA	   -1.09	 1.54e+05
 8	 P	   -0.85	 2.00e+05
 9	 S	   -0.97	 2.00e+05
 10	 SA	   -0.98	 2.00e+05


 * Note:  Every pairwise-atomic interaction was clamped at 100000.00


autogrid4: Successful Completion.
Real= 0.12s,  CPU= 0.18s,  System= 0.01s
