
       _______________________________________________________

__________//____________________________/////_________________/________
_________/__/____________/_____________/______________/_______/________
________/____/___________/_____________/______________________/________
________/____/__/_____/_/////___/////__/__////_/_///__/__////_/________
_______/______/_/_____/__/_____/_____/_/_____/_//___/_/_/____//________
_______////////_/_____/__/_____/_____/_/_____/_/______/_/_____/________
_______/______/_/____//__/___/_/_____/_/_____/_/______/_/____//________
_______/______/__////_/___///___/////___/////__/______/__////_/________

       _______________________________________________________

                                ______
                               /      \
                              /        \
                             /          \
                             \    /\    /
                              \  /  \  /
                               \/ /\ \/
                                 /  \
                                /____\


                ______________________________________ 
               |                                      |
               |            AutoGrid 4.2.7.x.2019-07-11         |
               |                                      |
               |        Garrett M. Morris, TSRI       |
               |            Ruth Huey, TSRI           |
               |        David S. Goodsell, TSRI       |
               |         Arthur J. Olson, TSRI        |
               |     (MODIFIED VERSION DUAL HB)       |
               |                                      |
               |        (C) 1989-2009, TSRI           |
               |   The Scripps Research Institute     |
               |______________________________________|

                ______________________________________ 
               |                                      |
               | Calculation of van der Waals, H-Bond,|
               |   Electrostatic Potential Energy, &  |
               |   Desolvation Free Energy Grid Maps  |
               |             for AutoDock             |
               | For help, email autodock@scripps.edu |
               |______________________________________|




                           $Revision: 1.145 $
Compilation parameters:  NUM_RECEPTOR_TYPES=20 NEINT=2048
  AG_MAX_ATOMS=100000  MAX_MAPS=128 NDIEL=16384 MAX_ATOM_TYPES=126
        e_vdW_Hb table has 32514048 entries of size 8
Maximum number of maps that can be computed = 128 (defined by MAX_MAPS in "autocomm.h").
  Non-bond cutoff for internal energy calculation (NBC): 8.00
  Optimize internal energy scoring (USE_8A_NBCUTOFF):  yes
  Faster search for nearby atoms (USE_BHTREE):  yes
  Run calculations in parallel if possible (_OPENMP):  yes
This file was created at:			11:40 19" a.m., 11/05/2024
                   using:			"lri-ts-02"


GPF> outlev 1

Output level: 1

GPF> npts 4 4 4

Number of grid points in x-direction:	5
Number of grid points in y-direction:	5
Number of grid points in z-direction:	5

GPF> gridfld 4jsz_protein.fld # avs field file

Creating (AVS-readable) grid maps file : 4jsz_protein.fld

Creating (AVS-readable) grid-coordinates extrema file : 4jsz_protein.xyz

GPF> spacing 2.00000
Grid Spacing :			2.000 Angstrom

GPF> receptor_types A C HD N NA OA SA
GPF> ligand_types A C Cl HD N NA OA P S SA
Allocated space for 13 gridmap objects
5 CPU threads will be used for calculation

Atom type names for ligand atom types 1-10 used for ligand-atom affinity grid maps:

			Atom type number 0 corresponds to atom type name "A".
			Atom type number 1 corresponds to atom type name "C".
			Atom type number 2 corresponds to atom type name "Cl".
			Atom type number 3 corresponds to atom type name "HD".
			Atom type number 4 corresponds to atom type name "N".
			Atom type number 5 corresponds to atom type name "NA".
			Atom type number 6 corresponds to atom type name "OA".
			Atom type number 7 corresponds to atom type name "P".
			Atom type number 8 corresponds to atom type name "S".
			Atom type number 9 corresponds to atom type name "SA".


GPF> receptor receptor.pdbqt

Receptor Input File :	receptor.pdbqt

Receptor Atom Type Assignments:


Maximum partial atomic charge found = +0.665 e
Minimum partial atomic charge found = -0.648 e

Atom	Atom	Number of this Type
Type	 ID 	 in Receptor
____	____	___________________
 0	 A		   206
 1	 C		  1106
 2	 HD		   453
 3	 N		   349
 4	 NA		     1
 5	 OA		   380
 6	 SA		     3

Total number of atoms :		2498 atoms 
Total charge :			-0.91 e


Receptor coordinates fit within the following volume:

                   _______(37.2, 22.9, 44.4)
                  /|     /|
                 / |    / |
                /______/  |
                |  |___|__| Midpoint = (14.1, 0.5, 16.8)
                |  /   |  /
                | /    | /
                |/_____|/
(-9.1, -22.0, -10.7)      

Maximum coordinates :		(37.186, 22.900, 44.409)
Minimum coordinates :		(-9.072, -21.991, -10.717)


GPF> gridcenter 32.962 -1.363 12.843

Grid maps will be centered on user-defined coordinates:

		(32.962, -1.363, 12.843)

Grid maps will cover the following volume:

                   _______(37.0, 2.6, 16.8)
                  /|     /|
                 / |    / |
                /______/  |
                |  |___|__| Midpoint = (33.0, -1.4, 12.8)
                |  /   |  /
                | /    | /
                |/_____|/
(29.0, -5.4, 8.8)      

Grid map x-dimension :		8.0 Angstroms
Grid map y-dimension :		8.0 Angstroms
Grid map z-dimension :		8.0 Angstroms

Maximum coordinates :		(36.962, 2.637, 16.843)
Minimum coordinates :		(28.962, -5.363, 8.843)

GPF> smooth 0.500000

Potentials will be smoothed by: 0.500 Angstrom

GPF> map Receptor.A.map

Output Grid Map 1:   Receptor.A.map

GPF> map Receptor.C.map

Output Grid Map 2:   Receptor.C.map

GPF> map Receptor.Cl.map

Output Grid Map 3:   Receptor.Cl.map

GPF> map Receptor.HD.map

Output Grid Map 4:   Receptor.HD.map

GPF> map Receptor.N.map

Output Grid Map 5:   Receptor.N.map

GPF> map Receptor.NA.map

Output Grid Map 6:   Receptor.NA.map

GPF> map Receptor.OA.map

Output Grid Map 7:   Receptor.OA.map

GPF> map Receptor.P.map

Output Grid Map 8:   Receptor.P.map

GPF> map Receptor.S.map

Output Grid Map 9:   Receptor.S.map

GPF> map Receptor.SA.map

Output Grid Map 10:   Receptor.SA.map


autogrid4: INFORMATION:  The electrostatic map file is not defined in the GPF.



autogrid4: INFORMATION:  No electrostatic map file requested.



autogrid4: INFORMATION:  The desolvation map file is not defined in the GPF.



autogrid4: INFORMATION:  No desolvation map file requested.



>>> Closing the grid parameter file (GPF)... <<<

________________________________________________________________________________



Calculating Pairwise Interaction Energies
Beginning grid calculations.

Calculating 10 grids over 125 elements, around 2498 receptor atoms.

                    Percent   Estimated Time  Time/this plane
XY-plane  Z-coord   Done      Remaining       Real, User, System
            /Ang              /sec            /sec
________  ________  ________  ______________  __________________________

     -2      8.843    20.0%            0.00s  Real= 0.00,  CPU= 0.00,  System= 0.00
     -1     10.843    40.0%            0.00s  Real= 0.00,  CPU= 0.01,  System= 0.00
      0     12.843    60.0%            0.00s  Real= 0.00,  CPU= 0.01,  System= 0.00
      1     14.843    80.0%            0.00s  Real= 0.00,  CPU= 0.00,  System= 0.00
      2     16.843   100.0%            0.00s  Real= 0.00,  CPU= 0.00,  System= 0.00

Grid	Atom	Minimum   	Maximum
Map 	Type	Energy    	Energy 
		(kcal/mol)	(kcal/mol)
____	____	_____________	_____________
 1	 A	   -0.66	 2.00e+05
 2	 C	   -0.76	 2.00e+05
 3	 Cl	   -1.00	 2.00e+05
 4	 HD	   -0.59	 1.01e+05
 5	 N	   -0.74	 1.51e+05
 6	 NA	   -0.73	 1.51e+05
 7	 OA	   -0.84	 1.35e+05
 8	 P	   -0.84	 2.00e+05
 9	 S	   -0.95	 2.00e+05
 10	 SA	   -0.94	 2.00e+05


 * Note:  Every pairwise-atomic interaction was clamped at 100000.00


autogrid4: Successful Completion.
Real= 0.07s,  CPU= 0.08s,  System= 0.01s
